<?xml version="1.0" encoding="UTF-8"?>
<coverage generated="1749070273170" clover="3.2.0">
  <project timestamp="1749070273170" name="All files">
    <metrics statements="9" coveredstatements="9" conditionals="1" coveredconditionals="0" methods="8" coveredmethods="8" elements="18" coveredelements="17" complexity="0" loc="9" ncloc="9" packages="1" files="1" classes="1"/>
    <file name="vehicle.js" path="C:\Users\91709\Desktop\Node_with_Jest\vehicle.js">
      <metrics statements="9" coveredstatements="9" conditionals="1" coveredconditionals="0" methods="8" coveredmethods="8"/>
      <line num="4" count="7" type="stmt"/>
      <line num="9" count="12" type="stmt"/>
      <line num="14" count="3" type="stmt"/>
      <line num="15" count="3" type="stmt"/>
      <line num="20" count="11" type="stmt"/>
      <line num="21" count="7" type="stmt"/>
      <line num="26" count="2" type="stmt"/>
      <line num="31" count="1" type="stmt"/>
      <line num="36" count="1" type="stmt"/>
    </file>
  </project>
</coverage>
